# configure exec: ./configure --prefix=/Users/amirhasanzadeh/Documents/kafka-test/producer/node_modules/node-rdkafka/build/deps --libdir=/Users/amirhasanzadeh/Documents/kafka-test/producer/node_modules/node-rdkafka/build/deps --prefix=/Users/amirhasanzadeh/Documents/kafka-test/producer/node_modules/node-rdkafka/build/deps --libdir=/Users/amirhasanzadeh/Documents/kafka-test/producer/node_modules/node-rdkafka/build/deps
# On Sat Dec 18 21:16:26 +0330 2021
DBG 29185: Setting distro (distro) status to ok (action ignore)
DBG 29185: ccenv: WITH_CC:  --version failed: mklove/modules/configure.base: line 1761: --version: command not found
DBG 29185: Setting ccenv (ccenv) status to failed (action cont)
DBG 29185: Check ccenv (WITH_CC, action cont (originally cont)) failed: command ' --version' failed:
mklove/modules/configure.base: line 1761: --version: command not found
DBG 29185: Setting gcc (gcc) status to ok (action cont)
DBG 29185: cxxenv: WITH_CXX:  --version failed: mklove/modules/configure.base: line 1761: --version: command not found
DBG 29185: Setting cxxenv (cxxenv) status to failed (action cont)
DBG 29185: Check cxxenv (WITH_CXX, action cont (originally cont)) failed: command ' --version' failed:
mklove/modules/configure.base: line 1761: --version: command not found
DBG 29185: Setting gxx (gxx) status to ok (action cont)
DBG 29185: Setting ld (ld) status to ok (action disable)
DBG 29185: Setting nm (nm) status to ok (action disable)
DBG 29185: Setting objdump (objdump) status to ok (action disable)
DBG 29185: Setting strip (strip) status to ok (action disable)
DBG 29185: Setting libtool (libtool) status to ok (action disable)
DBG 29185: Setting ranlib (ranlib) status to ok (action disable)
DBG 29185: Compile check cc_g_dwarf () (sub=0): gcc   -Wall -Werror _mkltmp3NVYpf.c -o _mkltmp3NVYpf.c.o  -L/Users/amirhasanzadeh/Documents/kafka-test/producer/node_modules/node-rdkafka/build/deps -gstrict-dwarf
DBG 29185: Setting cc_g_dwarf (cc_g_dwarf) status to ok (action cont)
DBG 29185: Setting pkgconfig (pkgconfig) status to ok (action cont)
DBG 29185: install: WITH_INSTALL: install --version failed: install: illegal option -- -
usage: install [-bCcpSsv] [-B suffix] [-f flags] [-g group] [-m mode]
               [-o owner] file1 file2
       install [-bCcpSsv] [-B suffix] [-f flags] [-g group] [-m mode]
               [-o owner] file1 ... fileN directory
       install -d [-v] [-g group] [-m mode] [-o owner] directory ...
DBG 29185: Setting install (install) status to failed (action cont)
DBG 29185: Check install (WITH_INSTALL, action cont (originally cont)) failed: command 'install --version' failed:
install: illegal option -- -
usage: install [-bCcpSsv] [-B suffix] [-f flags] [-g group] [-m mode]
               [-o owner] file1 file2
       install [-bCcpSsv] [-B suffix] [-f flags] [-g group] [-m mode]
               [-o owner] file1 ... fileN directory
       install -d [-v] [-g group] [-m mode] [-o owner] directory ...
DBG 29185: Compile check PIC (HAVE_PIC) (sub=0): gcc  -gstrict-dwarf -O2 -Wall -Werror _mkltmp053XzR.c -o _mkltmp053XzR.c.o  -L/Users/amirhasanzadeh/Documents/kafka-test/producer/node_modules/node-rdkafka/build/deps -fPIC
DBG 29185: Setting PIC (PIC) status to ok (action disable)
DBG 29185: Compile check gnulib (WITH_GNULD) (sub=0): gcc  -gstrict-dwarf -O2 -fPIC -Wall -Werror _mkltmpwX3ybS.c -o _mkltmpwX3ybS.c.o  -L/Users/amirhasanzadeh/Documents/kafka-test/producer/node_modules/node-rdkafka/build/deps -shared -Wl,-soname,mkltest.0
DBG 29185: compile check for gnulib (WITH_GNULD) failed: gcc  -gstrict-dwarf -O2 -fPIC -Wall -Werror _mkltmpwX3ybS.c -o _mkltmpwX3ybS.c.o  -L/Users/amirhasanzadeh/Documents/kafka-test/producer/node_modules/node-rdkafka/build/deps -shared -Wl,-soname,mkltest.0: ld: unknown option: -soname
clang: error: linker command failed with exit code 1 (use -v to see invocation)
DBG 29185: Setting gnulib (gnulib) status to failed (action cont)
DBG 29185: Check gnulib (WITH_GNULD, action cont (originally cont)) failed: compile check failed:
CC: CC
flags: -shared -Wl,-soname,mkltest.0
gcc  -gstrict-dwarf -O2 -fPIC -Wall -Werror _mkltmpwX3ybS.c -o _mkltmpwX3ybS.c.o  -L/Users/amirhasanzadeh/Documents/kafka-test/producer/node_modules/node-rdkafka/build/deps -shared -Wl,-soname,mkltest.0:
ld: unknown option: -soname
clang: error: linker command failed with exit code 1 (use -v to see invocation)
source: 
DBG 29185: Compile check osxlib (WITH_OSXLD) (sub=0): gcc  -gstrict-dwarf -O2 -fPIC -Wall -Werror _mkltmp4W2cAL.c -o _mkltmp4W2cAL.c.o  -L/Users/amirhasanzadeh/Documents/kafka-test/producer/node_modules/node-rdkafka/build/deps -dynamiclib -Wl,-install_name,/tmp/mkltest.so.0
DBG 29185: Setting osxlib (osxlib) status to ok (action cont)
DBG 29185: Compile check ldsflagvs () (sub=0): gcc  -gstrict-dwarf -O2 -fPIC -Wall -Werror _mkltmpsMaGq9.c -o _mkltmpsMaGq9.c.o  -L/Users/amirhasanzadeh/Documents/kafka-test/producer/node_modules/node-rdkafka/build/deps -shared -Wl,--version-script=_mkltmptdXYbH
DBG 29185: compile check for ldsflagvs () failed: gcc  -gstrict-dwarf -O2 -fPIC -Wall -Werror _mkltmpsMaGq9.c -o _mkltmpsMaGq9.c.o  -L/Users/amirhasanzadeh/Documents/kafka-test/producer/node_modules/node-rdkafka/build/deps -shared -Wl,--version-script=_mkltmptdXYbH: ld: unknown option: --version-script=_mkltmptdXYbH
clang: error: linker command failed with exit code 1 (use -v to see invocation)
DBG 29185: Setting ldsflagvs (ldsflagvs) status to failed (action cont)
DBG 29185: Check ldsflagvs (, action cont (originally cont)) failed: compile check failed:
CC: CC
flags: -shared -Wl,--version-script=_mkltmptdXYbH
gcc  -gstrict-dwarf -O2 -fPIC -Wall -Werror _mkltmpsMaGq9.c -o _mkltmpsMaGq9.c.o  -L/Users/amirhasanzadeh/Documents/kafka-test/producer/node_modules/node-rdkafka/build/deps -shared -Wl,--version-script=_mkltmptdXYbH:
ld: unknown option: --version-script=_mkltmptdXYbH
clang: error: linker command failed with exit code 1 (use -v to see invocation)
source: 
DBG 29185: Compile check ldsflagm () (sub=0): gcc  -gstrict-dwarf -O2 -fPIC -Wall -Werror _mkltmpkzZVJt.c -o _mkltmpkzZVJt.c.o  -L/Users/amirhasanzadeh/Documents/kafka-test/producer/node_modules/node-rdkafka/build/deps -shared -Wl,-M_mkltmptdXYbH
DBG 29185: compile check for ldsflagm () failed: gcc  -gstrict-dwarf -O2 -fPIC -Wall -Werror _mkltmpkzZVJt.c -o _mkltmpkzZVJt.c.o  -L/Users/amirhasanzadeh/Documents/kafka-test/producer/node_modules/node-rdkafka/build/deps -shared -Wl,-M_mkltmptdXYbH: ld: unknown option: -M_mkltmptdXYbH
clang: error: linker command failed with exit code 1 (use -v to see invocation)
DBG 29185: Setting ldsflagm (ldsflagm) status to failed (action ignore)
DBG 29185: Check ldsflagm (, action ignore (originally ignore)) failed: compile check failed:
CC: CC
flags: -shared -Wl,-M_mkltmptdXYbH
gcc  -gstrict-dwarf -O2 -fPIC -Wall -Werror _mkltmpkzZVJt.c -o _mkltmpkzZVJt.c.o  -L/Users/amirhasanzadeh/Documents/kafka-test/producer/node_modules/node-rdkafka/build/deps -shared -Wl,-M_mkltmptdXYbH:
ld: unknown option: -M_mkltmptdXYbH
clang: error: linker command failed with exit code 1 (use -v to see invocation)
source: 
DBG 29185: Compile check __atomic_32 (HAVE_ATOMICS_32) (sub=0): gcc  -gstrict-dwarf -O2 -fPIC -Wall -Werror _mkltmplM2sju.c -o _mkltmplM2sju.c.o  -L/Users/amirhasanzadeh/Documents/kafka-test/producer/node_modules/node-rdkafka/build/deps 
DBG 29185: Setting __atomic_32 (__atomic_32) status to ok (action cont)
DBG 29185: Compile check __atomic_64 (HAVE_ATOMICS_64) (sub=0): gcc  -gstrict-dwarf -O2 -fPIC -Wall -Werror _mkltmp7S6d9e.c -o _mkltmp7S6d9e.c.o  -L/Users/amirhasanzadeh/Documents/kafka-test/producer/node_modules/node-rdkafka/build/deps 
DBG 29185: Setting __atomic_64 (__atomic_64) status to ok (action cont)
DBG 29185: Compile check socket () (sub=0): gcc  -gstrict-dwarf -O2 -fPIC -Wall -Wsign-compare -Wfloat-equal -Wpointer-arith -Wcast-align -Wall -Werror _mkltmpaqNxpW.c -o _mkltmpaqNxpW.c.o  -L/Users/amirhasanzadeh/Documents/kafka-test/producer/node_modules/node-rdkafka/build/deps 
DBG 29185: Setting socket (socket) status to ok (action cont)
DBG 29185: Setting parseversion (parseversion) status to ok (action cont)
DBG 29185: pkg-config check librt for CFLAGS (): pkg-config --short-errors --cflags librt
DBG 29185: 'pkg-config --short-errors --cflags librt' failed: No package 'librt' found
DBG 29185: Setting librt_PKGCONFIG (librt_PKGCONFIG) status to failed (action cont)
DBG 29185: Check librt_PKGCONFIG (, action cont (originally cont)) failed: 'pkg-config --short-errors --cflags librt' failed:
No package 'librt' found
DBG 29185: librt: Check for static library (libs -lrt, arfile variable STATIC_LIB_librt=, static filenames )
DBG 29185: Compile check librt () (sub=0): gcc  -gstrict-dwarf -O2 -fPIC -Wall -Wsign-compare -Wfloat-equal -Wpointer-arith -Wcast-align -Wall -Werror _mkltmpq8oNjf.c -o _mkltmpq8oNjf.c.o  -L/Users/amirhasanzadeh/Documents/kafka-test/producer/node_modules/node-rdkafka/build/deps -lrt
DBG 29185: compile check for librt () failed: gcc  -gstrict-dwarf -O2 -fPIC -Wall -Wsign-compare -Wfloat-equal -Wpointer-arith -Wcast-align -Wall -Werror _mkltmpq8oNjf.c -o _mkltmpq8oNjf.c.o  -L/Users/amirhasanzadeh/Documents/kafka-test/producer/node_modules/node-rdkafka/build/deps -lrt: ld: library not found for -lrt
clang: error: linker command failed with exit code 1 (use -v to see invocation)
DBG 29185: Setting librt (librt) status to failed (action cont)
DBG 29185: Check librt (, action cont (originally cont)) failed: compile check failed:
CC: CC
flags: -lrt
gcc  -gstrict-dwarf -O2 -fPIC -Wall -Wsign-compare -Wfloat-equal -Wpointer-arith -Wcast-align -Wall -Werror _mkltmpq8oNjf.c -o _mkltmpq8oNjf.c.o  -L/Users/amirhasanzadeh/Documents/kafka-test/producer/node_modules/node-rdkafka/build/deps -lrt:
ld: library not found for -lrt
clang: error: linker command failed with exit code 1 (use -v to see invocation)
source: 
DBG 29185: pkg-config check libpthread for CFLAGS (): pkg-config --short-errors --cflags libpthread
DBG 29185: 'pkg-config --short-errors --cflags libpthread' failed: No package 'libpthread' found
DBG 29185: Setting libpthread_PKGCONFIG (libpthread_PKGCONFIG) status to failed (action cont)
DBG 29185: Check libpthread_PKGCONFIG (, action cont (originally cont)) failed: 'pkg-config --short-errors --cflags libpthread' failed:
No package 'libpthread' found
DBG 29185: libpthread: Check for static library (libs -lpthread, arfile variable STATIC_LIB_libpthread=, static filenames )
DBG 29185: Compile check libpthread () (sub=0): gcc  -gstrict-dwarf -O2 -fPIC -Wall -Wsign-compare -Wfloat-equal -Wpointer-arith -Wcast-align -Wall -Werror _mkltmpzVXO71.c -o _mkltmpzVXO71.c.o  -L/Users/amirhasanzadeh/Documents/kafka-test/producer/node_modules/node-rdkafka/build/deps -lpthread
DBG 29185: Setting libpthread (libpthread) status to ok (action fail)
DBG 29185: libpthread: from lib_check: LIBS: prepend -lpthread
DBG 29185: pkg-config check c11threads for CFLAGS (WITH_C11THREADS): pkg-config --short-errors --cflags c11threads
DBG 29185: 'pkg-config --short-errors --cflags c11threads' failed: No package 'c11threads' found
DBG 29185: Setting c11threads_PKGCONFIG (c11threads_PKGCONFIG) status to failed (action cont)
DBG 29185: Check c11threads_PKGCONFIG (, action cont (originally cont)) failed: 'pkg-config --short-errors --cflags c11threads' failed:
No package 'c11threads' found
DBG 29185: c11threads: Check for static library (libs -lpthread, arfile variable STATIC_LIB_c11threads=, static filenames )
DBG 29185: Compile check c11threads (WITH_C11THREADS) (sub=0): gcc  -gstrict-dwarf -O2 -fPIC -Wall -Wsign-compare -Wfloat-equal -Wpointer-arith -Wcast-align -Wall -Werror _mkltmpeWkzA6.c -o _mkltmpeWkzA6.c.o  -L/Users/amirhasanzadeh/Documents/kafka-test/producer/node_modules/node-rdkafka/build/deps -lpthread
DBG 29185: compile check for c11threads (WITH_C11THREADS) failed: gcc  -gstrict-dwarf -O2 -fPIC -Wall -Wsign-compare -Wfloat-equal -Wpointer-arith -Wcast-align -Wall -Werror _mkltmpeWkzA6.c -o _mkltmpeWkzA6.c.o  -L/Users/amirhasanzadeh/Documents/kafka-test/producer/node_modules/node-rdkafka/build/deps -lpthread: _mkltmpeWkzA6.c:2:10: fatal error: 'threads.h' file not found
#include <threads.h>
         ^~~~~~~~~~~
1 error generated.
DBG 29185: Setting c11threads (c11threads) status to failed (action disable)
DBG 29185: Check c11threads (WITH_C11THREADS, action disable (originally disable)) failed: compile check failed:
CC: CC
flags: -lpthread
gcc  -gstrict-dwarf -O2 -fPIC -Wall -Wsign-compare -Wfloat-equal -Wpointer-arith -Wcast-align -Wall -Werror _mkltmpeWkzA6.c -o _mkltmpeWkzA6.c.o  -L/Users/amirhasanzadeh/Documents/kafka-test/producer/node_modules/node-rdkafka/build/deps -lpthread:
_mkltmpeWkzA6.c:2:10: fatal error: 'threads.h' file not found
#include <threads.h>
         ^~~~~~~~~~~
1 error generated.
source: 
#include <threads.h>


static int start_func (void *arg) {
   int iarg = *(int *)arg;
   return iarg;
}

void foo (void) {
    thrd_t thr;
    int arg = 1;
    if (thrd_create(&thr, start_func, (void *)&arg) != thrd_success) {
      ;
    }
}

DBG 29185: pkg-config check libdl for CFLAGS (WITH_LIBDL): pkg-config --short-errors --cflags libdl
DBG 29185: 'pkg-config --short-errors --cflags libdl' failed: No package 'libdl' found
DBG 29185: Setting libdl_PKGCONFIG (libdl_PKGCONFIG) status to failed (action cont)
DBG 29185: Check libdl_PKGCONFIG (, action cont (originally cont)) failed: 'pkg-config --short-errors --cflags libdl' failed:
No package 'libdl' found
DBG 29185: libdl: Check for static library (libs -ldl, arfile variable STATIC_LIB_libdl=, static filenames )
DBG 29185: Compile check libdl (WITH_LIBDL) (sub=0): gcc  -gstrict-dwarf -O2 -fPIC -Wall -Wsign-compare -Wfloat-equal -Wpointer-arith -Wcast-align -Wall -Werror _mkltmp5NMHpZ.c -o _mkltmp5NMHpZ.c.o  -L/Users/amirhasanzadeh/Documents/kafka-test/producer/node_modules/node-rdkafka/build/deps -ldl
DBG 29185: Setting libdl (libdl) status to ok (action disable)
DBG 29185: libdl: from lib_check: LIBS: prepend -ldl
DBG 29185: pkg-config check zlib for CFLAGS (WITH_ZLIB): pkg-config --short-errors --cflags zlib
DBG 29185: pkg-config check zlib for LIBS (WITH_ZLIB): pkg-config --short-errors --libs zlib
DBG 29185: zlib: from pkg-config: CFLAGS '', LIBS '-ldl -lpthread'
DBG 29185: zlib: performing compile check using pkg-config info
DBG 29185: Compile check zlib (WITH_ZLIB) (sub=1): gcc  -gstrict-dwarf -O2 -fPIC -Wall -Wsign-compare -Wfloat-equal -Wpointer-arith -Wcast-align -Wall -Werror _mkltmpK4kmwr.c -o _mkltmpK4kmwr.c.o  -L/Users/amirhasanzadeh/Documents/kafka-test/producer/node_modules/node-rdkafka/build/deps  -lz
DBG 29185: zlib: Check for static library (libs -lz, arfile variable STATIC_LIB_zlib=, static filenames libz.a)
DBG 29185: zlib: from pkg-config: LIBS: prepend -lz
DBG 29185: Setting zlib (zlib) status to ok (action cont)
DBG 29185: pkg-config check libcrypto for CFLAGS (): pkg-config --short-errors --cflags libcrypto
DBG 29185: 'pkg-config --short-errors --cflags libcrypto' failed: No package 'libcrypto' found
DBG 29185: Setting libcrypto_PKGCONFIG (libcrypto_PKGCONFIG) status to failed (action cont)
DBG 29185: Check libcrypto_PKGCONFIG (, action cont (originally cont)) failed: 'pkg-config --short-errors --cflags libcrypto' failed:
No package 'libcrypto' found
DBG 29185: libcrypto: Check for static library (libs -lcrypto, arfile variable STATIC_LIB_libcrypto=, static filenames libcrypto.a)
DBG 29185: Compile check libcrypto () (sub=0): gcc  -gstrict-dwarf -O2 -fPIC -Wall -Wsign-compare -Wfloat-equal -Wpointer-arith -Wcast-align -Wall -Werror _mkltmp3U66Js.c -o _mkltmp3U66Js.c.o  -L/Users/amirhasanzadeh/Documents/kafka-test/producer/node_modules/node-rdkafka/build/deps -lcrypto
DBG 29185: compile check for libcrypto () failed: gcc  -gstrict-dwarf -O2 -fPIC -Wall -Wsign-compare -Wfloat-equal -Wpointer-arith -Wcast-align -Wall -Werror _mkltmp3U66Js.c -o _mkltmp3U66Js.c.o  -L/Users/amirhasanzadeh/Documents/kafka-test/producer/node_modules/node-rdkafka/build/deps -lcrypto: _mkltmp3U66Js.c:2:10: fatal error: 'openssl/ssl.h' file not found
#include <openssl/ssl.h>
         ^~~~~~~~~~~~~~~
1 error generated.
DBG 29185: Setting libcrypto (libcrypto) status to failed (action disable)
DBG 29185: Check libcrypto (, action disable (originally disable)) failed: compile check failed:
CC: CC
flags: -lcrypto
gcc  -gstrict-dwarf -O2 -fPIC -Wall -Wsign-compare -Wfloat-equal -Wpointer-arith -Wcast-align -Wall -Werror _mkltmp3U66Js.c -o _mkltmp3U66Js.c.o  -L/Users/amirhasanzadeh/Documents/kafka-test/producer/node_modules/node-rdkafka/build/deps -lcrypto:
_mkltmp3U66Js.c:2:10: fatal error: 'openssl/ssl.h' file not found
#include <openssl/ssl.h>
         ^~~~~~~~~~~~~~~
1 error generated.
source: 
#include <openssl/ssl.h>
#include <openssl/evp.h>
#if OPENSSL_VERSION_NUMBER < 0x1000100fL
#error "Requires OpenSSL version >= v1.0.1"
#endif
DBG 29185: pkg-config check libsasl2 for CFLAGS (WITH_SASL_CYRUS): pkg-config --short-errors --cflags libsasl2
DBG 29185: 'pkg-config --short-errors --cflags libsasl2' failed: No package 'libsasl2' found
DBG 29185: Setting libsasl2_PKGCONFIG (libsasl2_PKGCONFIG) status to failed (action cont)
DBG 29185: Check libsasl2_PKGCONFIG (, action cont (originally cont)) failed: 'pkg-config --short-errors --cflags libsasl2' failed:
No package 'libsasl2' found
DBG 29185: libsasl2: Check for static library (libs -lsasl2, arfile variable STATIC_LIB_libsasl2=, static filenames )
DBG 29185: Compile check libsasl2 (WITH_SASL_CYRUS) (sub=0): gcc  -gstrict-dwarf -O2 -fPIC -Wall -Wsign-compare -Wfloat-equal -Wpointer-arith -Wcast-align -Wall -Werror _mkltmp7pEPW7.c -o _mkltmp7pEPW7.c.o  -L/Users/amirhasanzadeh/Documents/kafka-test/producer/node_modules/node-rdkafka/build/deps -lsasl2
DBG 29185: Setting libsasl2 (libsasl2) status to ok (action disable)
DBG 29185: libsasl2: from lib_check: LIBS: prepend -lsasl2
DBG 29185: pkg-config check libzstd for CFLAGS (WITH_ZSTD): pkg-config --short-errors --cflags libzstd
DBG 29185: 'pkg-config --short-errors --cflags libzstd' failed: No package 'libzstd' found
DBG 29185: Setting libzstd_PKGCONFIG (libzstd_PKGCONFIG) status to failed (action cont)
DBG 29185: Check libzstd_PKGCONFIG (, action cont (originally cont)) failed: 'pkg-config --short-errors --cflags libzstd' failed:
No package 'libzstd' found
DBG 29185: libzstd: Check for static library (libs -lzstd, arfile variable STATIC_LIB_libzstd=, static filenames libzstd.a)
DBG 29185: Compile check libzstd (WITH_ZSTD) (sub=0): gcc  -gstrict-dwarf -O2 -fPIC -Wall -Wsign-compare -Wfloat-equal -Wpointer-arith -Wcast-align -Wall -Werror _mkltmpgqGB1D.c -o _mkltmpgqGB1D.c.o  -L/Users/amirhasanzadeh/Documents/kafka-test/producer/node_modules/node-rdkafka/build/deps -lzstd
DBG 29185: compile check for libzstd (WITH_ZSTD) failed: gcc  -gstrict-dwarf -O2 -fPIC -Wall -Wsign-compare -Wfloat-equal -Wpointer-arith -Wcast-align -Wall -Werror _mkltmpgqGB1D.c -o _mkltmpgqGB1D.c.o  -L/Users/amirhasanzadeh/Documents/kafka-test/producer/node_modules/node-rdkafka/build/deps -lzstd: _mkltmpgqGB1D.c:2:10: fatal error: 'zstd.h' file not found
#include <zstd.h>
         ^~~~~~~~
1 error generated.
DBG 29185: Setting libzstd (libzstd) status to failed (action disable)
DBG 29185: Check libzstd (WITH_ZSTD, action disable (originally disable)) failed: compile check failed:
CC: CC
flags: -lzstd
gcc  -gstrict-dwarf -O2 -fPIC -Wall -Wsign-compare -Wfloat-equal -Wpointer-arith -Wcast-align -Wall -Werror _mkltmpgqGB1D.c -o _mkltmpgqGB1D.c.o  -L/Users/amirhasanzadeh/Documents/kafka-test/producer/node_modules/node-rdkafka/build/deps -lzstd:
_mkltmpgqGB1D.c:2:10: fatal error: 'zstd.h' file not found
#include <zstd.h>
         ^~~~~~~~
1 error generated.
source: 
#include <zstd.h>
#include <zstd_errors.h>

void foo (void) {
     ZSTD_getFrameContentSize(NULL, 0);
}

DBG 29185: pkg-config check libm for CFLAGS (): pkg-config --short-errors --cflags libm
DBG 29185: 'pkg-config --short-errors --cflags libm' failed: No package 'libm' found
DBG 29185: Setting libm_PKGCONFIG (libm_PKGCONFIG) status to failed (action cont)
DBG 29185: Check libm_PKGCONFIG (, action cont (originally cont)) failed: 'pkg-config --short-errors --cflags libm' failed:
No package 'libm' found
DBG 29185: libm: Check for static library (libs -lm, arfile variable STATIC_LIB_libm=, static filenames )
DBG 29185: Compile check libm () (sub=0): gcc  -gstrict-dwarf -O2 -fPIC -Wall -Wsign-compare -Wfloat-equal -Wpointer-arith -Wcast-align -Wall -Werror _mkltmpM1S6VY.c -o _mkltmpM1S6VY.c.o  -L/Users/amirhasanzadeh/Documents/kafka-test/producer/node_modules/node-rdkafka/build/deps -lm
DBG 29185: Setting libm (libm) status to ok (action disable)
DBG 29185: libm: from lib_check: LIBS: prepend -lm
DBG 29185: pkg-config check liblz4 for CFLAGS (WITH_LZ4_EXT): pkg-config --short-errors --cflags liblz4
DBG 29185: 'pkg-config --short-errors --cflags liblz4' failed: No package 'liblz4' found
DBG 29185: Setting liblz4_PKGCONFIG (liblz4_PKGCONFIG) status to failed (action cont)
DBG 29185: Check liblz4_PKGCONFIG (, action cont (originally cont)) failed: 'pkg-config --short-errors --cflags liblz4' failed:
No package 'liblz4' found
DBG 29185: liblz4: Check for static library (libs -llz4, arfile variable STATIC_LIB_liblz4=, static filenames liblz4.a)
DBG 29185: Compile check liblz4 (WITH_LZ4_EXT) (sub=0): gcc  -gstrict-dwarf -O2 -fPIC -Wall -Wsign-compare -Wfloat-equal -Wpointer-arith -Wcast-align -Wall -Werror _mkltmp1u8c9u.c -o _mkltmp1u8c9u.c.o  -L/Users/amirhasanzadeh/Documents/kafka-test/producer/node_modules/node-rdkafka/build/deps -llz4
DBG 29185: compile check for liblz4 (WITH_LZ4_EXT) failed: gcc  -gstrict-dwarf -O2 -fPIC -Wall -Wsign-compare -Wfloat-equal -Wpointer-arith -Wcast-align -Wall -Werror _mkltmp1u8c9u.c -o _mkltmp1u8c9u.c.o  -L/Users/amirhasanzadeh/Documents/kafka-test/producer/node_modules/node-rdkafka/build/deps -llz4: _mkltmp1u8c9u.c:1:10: fatal error: 'lz4frame.h' file not found
#include <lz4frame.h>
         ^~~~~~~~~~~~
1 error generated.
DBG 29185: Setting liblz4 (liblz4) status to failed (action disable)
DBG 29185: Check liblz4 (WITH_LZ4_EXT, action disable (originally disable)) failed: compile check failed:
CC: CC
flags: -llz4
gcc  -gstrict-dwarf -O2 -fPIC -Wall -Wsign-compare -Wfloat-equal -Wpointer-arith -Wcast-align -Wall -Werror _mkltmp1u8c9u.c -o _mkltmp1u8c9u.c.o  -L/Users/amirhasanzadeh/Documents/kafka-test/producer/node_modules/node-rdkafka/build/deps -llz4:
_mkltmp1u8c9u.c:1:10: fatal error: 'lz4frame.h' file not found
#include <lz4frame.h>
         ^~~~~~~~~~~~
1 error generated.
source: #include <lz4frame.h>
DBG 29185: Compile check syslog (WITH_SYSLOG) (sub=0): gcc  -gstrict-dwarf -O2 -fPIC -Wall -Wsign-compare -Wfloat-equal -Wpointer-arith -Wcast-align -Wall -Werror _mkltmpdpZ0Gw.c -o _mkltmpdpZ0Gw.c.o  -L/Users/amirhasanzadeh/Documents/kafka-test/producer/node_modules/node-rdkafka/build/deps 
DBG 29185: Setting syslog (syslog) status to ok (action disable)
DBG 29185: Compile check rapidjson (WITH_RAPIDJSON) (sub=0): g++  -gstrict-dwarf -O2 -fPIC -Wall -Wsign-compare -Wfloat-equal -Wpointer-arith -Wcast-align -Wall -Werror _mkltmpX8ElaJ.cpp -o _mkltmpX8ElaJ.cpp.o  -L/Users/amirhasanzadeh/Documents/kafka-test/producer/node_modules/node-rdkafka/build/deps 
DBG 29185: compile check for rapidjson (WITH_RAPIDJSON) failed: g++  -gstrict-dwarf -O2 -fPIC -Wall -Wsign-compare -Wfloat-equal -Wpointer-arith -Wcast-align -Wall -Werror _mkltmpX8ElaJ.cpp -o _mkltmpX8ElaJ.cpp.o  -L/Users/amirhasanzadeh/Documents/kafka-test/producer/node_modules/node-rdkafka/build/deps : _mkltmpX8ElaJ.cpp:1:10: fatal error: 'rapidjson/schema.h' file not found
#include <rapidjson/schema.h>
         ^~~~~~~~~~~~~~~~~~~~
1 error generated.
DBG 29185: Setting rapidjson (rapidjson) status to failed (action disable)
DBG 29185: Check rapidjson (WITH_RAPIDJSON, action disable (originally disable)) failed: compile check failed:
CC: CXX
flags: 
g++  -gstrict-dwarf -O2 -fPIC -Wall -Wsign-compare -Wfloat-equal -Wpointer-arith -Wcast-align -Wall -Werror _mkltmpX8ElaJ.cpp -o _mkltmpX8ElaJ.cpp.o  -L/Users/amirhasanzadeh/Documents/kafka-test/producer/node_modules/node-rdkafka/build/deps :
_mkltmpX8ElaJ.cpp:1:10: fatal error: 'rapidjson/schema.h' file not found
#include <rapidjson/schema.h>
         ^~~~~~~~~~~~~~~~~~~~
1 error generated.
source: #include <rapidjson/schema.h>
DBG 29185: Compile check crc32chw (WITH_CRC32C_HW) (sub=0): gcc  -gstrict-dwarf -O2 -fPIC -Wall -Wsign-compare -Wfloat-equal -Wpointer-arith -Wcast-align -Wall -Werror _mkltmp13wfxA.c -o _mkltmp13wfxA.c.o  -L/Users/amirhasanzadeh/Documents/kafka-test/producer/node_modules/node-rdkafka/build/deps 
DBG 29185: compile check for crc32chw (WITH_CRC32C_HW) failed: gcc  -gstrict-dwarf -O2 -fPIC -Wall -Wsign-compare -Wfloat-equal -Wpointer-arith -Wcast-align -Wall -Werror _mkltmp13wfxA.c -o _mkltmp13wfxA.c.o  -L/Users/amirhasanzadeh/Documents/kafka-test/producer/node_modules/node-rdkafka/build/deps : _mkltmp13wfxA.c:12:14: error: invalid output constraint '=c' in asm
           : "=c"(ecx)
             ^
1 error generated.
DBG 29185: Setting crc32chw (crc32chw) status to failed (action disable)
DBG 29185: Check crc32chw (WITH_CRC32C_HW, action disable (originally disable)) failed: compile check failed:
CC: CC
flags: 
gcc  -gstrict-dwarf -O2 -fPIC -Wall -Wsign-compare -Wfloat-equal -Wpointer-arith -Wcast-align -Wall -Werror _mkltmp13wfxA.c -o _mkltmp13wfxA.c.o  -L/Users/amirhasanzadeh/Documents/kafka-test/producer/node_modules/node-rdkafka/build/deps :
_mkltmp13wfxA.c:12:14: error: invalid output constraint '=c' in asm
           : "=c"(ecx)
             ^
1 error generated.
source: 
#include <inttypes.h>
#include <stdio.h>
#define LONGx1 "8192"
#define LONGx2 "16384"
void foo (void) {
   const char *n = "abcdefghijklmnopqrstuvwxyz0123456789";
   uint64_t c0 = 0, c1 = 1, c2 = 2;
   uint64_t s;
   uint32_t eax = 1, ecx;
   __asm__("cpuid"
           : "=c"(ecx)
           : "a"(eax)
           : "%ebx", "%edx");
   __asm__("crc32b\t" "(%1), %0"
           : "=r"(c0)
           : "r"(n), "0"(c0));
   __asm__("crc32q\t" "(%3), %0\n\t"
           "crc32q\t" LONGx1 "(%3), %1\n\t"
           "crc32q\t" LONGx2 "(%3), %2"
           : "=r"(c0), "=r"(c1), "=r"(c2)
           : "r"(n), "0"(c0), "1"(c1), "2"(c2));
  s = c0 + c1 + c2;
  printf("avoiding unused code removal by printing %d, %d, %d\n", (int)s, (int)eax, (int)ecx);
}

DBG 29185: Compile check regex (HAVE_REGEX) (sub=0): gcc  -gstrict-dwarf -O2 -fPIC -Wall -Wsign-compare -Wfloat-equal -Wpointer-arith -Wcast-align -Wall -Werror _mkltmpBXmS2Z.c -o _mkltmpBXmS2Z.c.o  -L/Users/amirhasanzadeh/Documents/kafka-test/producer/node_modules/node-rdkafka/build/deps 
DBG 29185: Setting regex (regex) status to ok (action disable)
DBG 29185: Compile check rand_r (HAVE_RAND_R) (sub=0): gcc  -gstrict-dwarf -O2 -fPIC -Wall -Wsign-compare -Wfloat-equal -Wpointer-arith -Wcast-align -Wall -Werror _mkltmphGzyBE.c -o _mkltmphGzyBE.c.o  -L/Users/amirhasanzadeh/Documents/kafka-test/producer/node_modules/node-rdkafka/build/deps 
DBG 29185: Setting rand_r (rand_r) status to ok (action disable)
DBG 29185: Compile check strndup (HAVE_STRNDUP) (sub=0): gcc  -gstrict-dwarf -O2 -fPIC -Wall -Wsign-compare -Wfloat-equal -Wpointer-arith -Wcast-align -Wall -Werror _mkltmpEd2geV.c -o _mkltmpEd2geV.c.o  -L/Users/amirhasanzadeh/Documents/kafka-test/producer/node_modules/node-rdkafka/build/deps 
DBG 29185: Setting strndup (strndup) status to ok (action disable)
DBG 29185: Compile check strlcpy (HAVE_STRLCPY) (sub=0): gcc  -gstrict-dwarf -O2 -fPIC -Wall -Wsign-compare -Wfloat-equal -Wpointer-arith -Wcast-align -Wall -Werror _mkltmpedE7hs.c -o _mkltmpedE7hs.c.o  -L/Users/amirhasanzadeh/Documents/kafka-test/producer/node_modules/node-rdkafka/build/deps 
DBG 29185: Setting strlcpy (strlcpy) status to ok (action disable)
DBG 29185: Compile check strerror_r (HAVE_STRERROR_R) (sub=0): gcc  -gstrict-dwarf -O2 -fPIC -Wall -Wsign-compare -Wfloat-equal -Wpointer-arith -Wcast-align -Wall -Werror _mkltmpFf3neP.c -o _mkltmpFf3neP.c.o  -L/Users/amirhasanzadeh/Documents/kafka-test/producer/node_modules/node-rdkafka/build/deps 
DBG 29185: Setting strerror_r (strerror_r) status to ok (action disable)
DBG 29185: Compile check strcasestr (HAVE_STRCASESTR) (sub=0): gcc  -gstrict-dwarf -O2 -fPIC -Wall -Wsign-compare -Wfloat-equal -Wpointer-arith -Wcast-align -Wall -Werror _mkltmp4RnSOr.c -o _mkltmp4RnSOr.c.o  -L/Users/amirhasanzadeh/Documents/kafka-test/producer/node_modules/node-rdkafka/build/deps 
DBG 29185: Setting strcasestr (strcasestr) status to ok (action disable)
DBG 29185: Compile check pthread_setname_gnu (HAVE_PTHREAD_SETNAME_GNU) (sub=0): gcc  -gstrict-dwarf -O2 -fPIC -Wall -Wsign-compare -Wfloat-equal -Wpointer-arith -Wcast-align -Wall -Werror _mkltmpaLEfT3.c -o _mkltmpaLEfT3.c.o  -L/Users/amirhasanzadeh/Documents/kafka-test/producer/node_modules/node-rdkafka/build/deps -D_GNU_SOURCE -lpthread
DBG 29185: compile check for pthread_setname_gnu (HAVE_PTHREAD_SETNAME_GNU) failed: gcc  -gstrict-dwarf -O2 -fPIC -Wall -Wsign-compare -Wfloat-equal -Wpointer-arith -Wcast-align -Wall -Werror _mkltmpaLEfT3.c -o _mkltmpaLEfT3.c.o  -L/Users/amirhasanzadeh/Documents/kafka-test/producer/node_modules/node-rdkafka/build/deps -D_GNU_SOURCE -lpthread: _mkltmpaLEfT3.c:5:38: error: too many arguments to function call, expected 1, have 2
  pthread_setname_np(pthread_self(), "abc");
  ~~~~~~~~~~~~~~~~~~                 ^~~~~
/Library/Developer/CommandLineTools/SDKs/MacOSX.sdk/usr/include/pthread.h:510:5: note: 'pthread_setname_np' declared here
int     pthread_setname_np(const char*);
        ^
1 error generated.
DBG 29185: Setting pthread_setname_gnu (pthread_setname_gnu) status to failed (action disable)
DBG 29185: Check pthread_setname_gnu (HAVE_PTHREAD_SETNAME_GNU, action disable (originally disable)) failed: compile check failed:
CC: CC
flags: -D_GNU_SOURCE -lpthread
gcc  -gstrict-dwarf -O2 -fPIC -Wall -Wsign-compare -Wfloat-equal -Wpointer-arith -Wcast-align -Wall -Werror _mkltmpaLEfT3.c -o _mkltmpaLEfT3.c.o  -L/Users/amirhasanzadeh/Documents/kafka-test/producer/node_modules/node-rdkafka/build/deps -D_GNU_SOURCE -lpthread:
_mkltmpaLEfT3.c:5:38: error: too many arguments to function call, expected 1, have 2
  pthread_setname_np(pthread_self(), "abc");
  ~~~~~~~~~~~~~~~~~~                 ^~~~~
/Library/Developer/CommandLineTools/SDKs/MacOSX.sdk/usr/include/pthread.h:510:5: note: 'pthread_setname_np' declared here
int     pthread_setname_np(const char*);
        ^
1 error generated.
source: 
#include <pthread.h>

void foo (void) {
  pthread_setname_np(pthread_self(), "abc");
}

DBG 29185: Compile check pthread_setname_darwin (HAVE_PTHREAD_SETNAME_DARWIN) (sub=0): gcc  -gstrict-dwarf -O2 -fPIC -Wall -Wsign-compare -Wfloat-equal -Wpointer-arith -Wcast-align -Wall -Werror _mkltmpTqsNlt.c -o _mkltmpTqsNlt.c.o  -L/Users/amirhasanzadeh/Documents/kafka-test/producer/node_modules/node-rdkafka/build/deps -D_DARWIN_C_SOURCE -lpthread
DBG 29185: Setting pthread_setname_darwin (pthread_setname_darwin) status to ok (action disable)
DBG 29185: Setting nm (nm) status to ok (action cont)
DBG 29185: Compile check getrusage (HAVE_GETRUSAGE) (sub=0): gcc  -gstrict-dwarf -O2 -fPIC -Wall -Wsign-compare -Wfloat-equal -Wpointer-arith -Wcast-align -Wall -Werror _mkltmpIh4AnF.c -o _mkltmpIh4AnF.c.o  -L/Users/amirhasanzadeh/Documents/kafka-test/producer/node_modules/node-rdkafka/build/deps 
DBG 29185: Setting getrusage (getrusage) status to ok (action disable)
